<?xml version="1.0" encoding="UTF-8"?>
<testng-results ignored="0" total="1" passed="1" failed="0" skipped="0">
  <reporter-output>
  </reporter-output>
  <suite started-at="2022-06-01T00:30:50 EET" name="Default suite" finished-at="2022-06-01T00:31:25 EET" duration-ms="35798">
    <groups>
    </groups>
    <test started-at="2022-06-01T00:30:50 EET" name="Default test" finished-at="2022-06-01T00:31:25 EET" duration-ms="35798">
      <class name="myFirstAppuim.FloatingNumberTest">
        <test-method is-config="true" signature="setCab()[pri:0, instance:myFirstAppuim.FloatingNumberTest@6c2ed0cd]" started-at="2022-06-01T00:30:50 EET" name="setCab" finished-at="2022-06-01T00:31:14 EET" duration-ms="24574" status="PASS">
          <reporter-output>
          </reporter-output>
        </test-method> <!-- setCab -->
        <test-method signature="floatSum()[pri:0, instance:myFirstAppuim.FloatingNumberTest@6c2ed0cd]" started-at="2022-06-01T00:31:14 EET" name="floatSum" finished-at="2022-06-01T00:31:25 EET" duration-ms="10676" status="PASS">
          <reporter-output>
          </reporter-output>
        </test-method> <!-- floatSum -->
      </class> <!-- myFirstAppuim.FloatingNumberTest -->
    </test> <!-- Default test -->
  </suite> <!-- Default suite -->
</testng-results>
